Copyright 1986-2014 Xilinx, Inc. All Rights Reserved.
----------------------------------------------------------------------------------------
| Tool Version : Vivado v.2014.4 (win64) Build 1071353 Tue Nov 18 18:24:04 MST 2014
| Date         : Tue Apr 19 21:26:02 2016
| Host         : peck running 64-bit major release  (build 9200)
| Command      : report_control_sets -verbose -file CRO_PUF_TOP_control_sets_placed.rpt
| Design       : CRO_PUF_TOP
| Device       : xc7a100t
----------------------------------------------------------------------------------------

Control Set Information

Table of Contents
-----------------
1. Summary
2. Flip-Flop Distribution
3. Detailed Control Set Information

1. Summary
----------

+-------------------------------------------------------------------+-------+
|                               Status                              | Count |
+-------------------------------------------------------------------+-------+
| Number of unique control sets                                     |     2 |
| Minimum Number of register sites lost to control set restrictions |     0 |
+-------------------------------------------------------------------+-------+


2. Flip-Flop Distribution
-------------------------

+--------------+-----------------------+------------------------+-----------------+--------------+
| Clock Enable | Synchronous Set/Reset | Asynchronous Set/Reset | Total Registers | Total Slices |
+--------------+-----------------------+------------------------+-----------------+--------------+
| No           | No                    | No                     |               0 |            0 |
| No           | No                    | Yes                    |              64 |           16 |
| No           | Yes                   | No                     |               0 |            0 |
| Yes          | No                    | No                     |               0 |            0 |
| Yes          | No                    | Yes                    |               0 |            0 |
| Yes          | Yes                   | No                     |               0 |            0 |
+--------------+-----------------------+------------------------+-----------------+--------------+


3. Detailed Control Set Information
-----------------------------------

+-----------------+---------------+------------------+------------------+----------------+
|   Clock Signal  | Enable Signal | Set/Reset Signal | Slice Load Count | Bel Load Count |
+-----------------+---------------+------------------+------------------+----------------+
|  bot_mux/output |               | rst_IBUF         |                8 |             32 |
|  top_mux/output |               | rst_IBUF         |                8 |             32 |
+-----------------+---------------+------------------+------------------+----------------+


